REM       
REM          *********************************************************************************
REM          *                                                                               *
REM          *                                                                               *
REM          *      Developed By :   Renzhi Cao (rcrg4@mail.missouri.edu)                   *
REM          *      Copyright    :   Dr. Jianlin Cheng's BDML Laboratory                     *
REM          *      Release Date :   June 13, 2013                                          *
REM          *      Vesion       :   1.0                                                     *
REM          *                                                                               *
REM          *********************************************************************************
REM       
REM       
REM          *********************************************************************************
REM          *                                                                               *
REM          *                                                                               *
REM          *      Developed By :   Renzhi Cao (rcrg4@mail.missouri.edu)                   *
REM          *      Copyright    :   Dr. Jianlin Cheng's BDML Laboratory                     *
REM          *      Release Date :   June 13, 2013                                          *
REM          *      Vesion       :   1.0                                                     *
REM          *                                                                               *
REM          *********************************************************************************
REM       
REM       
REM          *********************************************************************************
REM          *                                                                               *
REM          *                                                                               *
REM          *      Developed By :   Renzhi Cao (rcrg4@mail.missouri.edu)                   *
REM          *      Copyright    :   Dr. Jianlin Cheng's BDML Laboratory                     *
REM          *      Release Date :   June 13, 2013                                          *
REM          *      Vesion       :   1.0                                                     *
REM          *                                                                               *
REM          *********************************************************************************
REM       
REM       
REM          *********************************************************************************
REM          *                                                                               *
REM          *                                                                               *
REM          *      Developed By :   Renzhi Cao (rcrg4@mail.missouri.edu)                   *
REM          *      Copyright    :   Dr. Jianlin Cheng's BDML Laboratory                     *
REM          *      Release Date :   June 13, 2013                                          *
REM          *      Vesion       :   1.0                                                     *
REM          *                                                                               *
REM          *********************************************************************************
REM       
REM       
REM          *********************************************************************************
REM          *                                                                               *
REM          *                                                                               *
REM          *      Developed By :   Renzhi Cao (rcrg4@mail.missouri.edu)                   *
REM          *      Copyright    :   Dr. Jianlin Cheng's BDML Laboratory                     *
REM          *      Release Date :   June 13, 2013                                          *
REM          *      Vesion       :   1.0                                                     *
REM          *                                                                               *
REM          *********************************************************************************
REM       
REM       
REM          *********************************************************************************
REM          *                                                                               *
REM          *                                                                               *
REM          *      Developed By :   Renzhi Cao (rcrg4@mail.missouri.edu)                   *
REM          *      Copyright    :   Dr. Jianlin Cheng's BDML Laboratory                     *
REM          *      Release Date :   June 13, 2013                                          *
REM          *      Vesion       :   1.0                                                     *
REM          *                                                                               *
REM          *********************************************************************************
REM       
REM       
REM          *********************************************************************************
REM          *                                                                               *
REM          *                                                                               *
REM          *      Developed By :   Renzhi Cao (rcrg4@mail.missouri.edu)                   *
REM          *      Copyright    :   Dr. Jianlin Cheng's BDML Laboratory                     *
REM          *      Release Date :   June 13, 2013                                          *
REM          *      Vesion       :   1.0                                                     *
REM          *                                                                               *
REM          *********************************************************************************
REM       
REM       
REM          *********************************************************************************
REM          *                                                                               *
REM          *                                                                               *
REM          *      Developed By :   Renzhi Cao (rcrg4@mail.missouri.edu)                   *
REM          *      Copyright    :   Dr. Jianlin Cheng's BDML Laboratory                     *
REM          *      Release Date :   June 13, 2013                                          *
REM          *      Vesion       :   1.0                                                     *
REM          *                                                                               *
REM          *********************************************************************************
REM       
REM       
REM          *********************************************************************************
REM          *                                                                               *
REM          *                                                                               *
REM          *      Developed By :   Renzhi Cao (rcrg4@mail.missouri.edu)                   *
REM          *      Copyright    :   Dr. Jianlin Cheng's BDML Laboratory                     *
REM          *      Release Date :   June 13, 2013                                          *
REM          *      Vesion       :   1.0                                                     *
REM          *                                                                               *
REM          *********************************************************************************
REM       
REM       
REM          *********************************************************************************
REM          *                                                                               *
REM          *                                                                               *
REM          *      Developed By :   Renzhi Cao (rcrg4@mail.missouri.edu)                   *
REM          *      Copyright    :   Dr. Jianlin Cheng's BDML Laboratory                     *
REM          *      Release Date :   June 13, 2013                                          *
REM          *      Vesion       :   1.0                                                     *
REM          *                                                                               *
REM          *********************************************************************************
REM       
REM       
REM          *********************************************************************************
REM          *                                                                               *
REM          *                                                                               *
REM          *      Developed By :   Renzhi Cao (rcrg4@mail.missouri.edu)                   *
REM          *      Copyright    :   Dr. Jianlin Cheng's BDML Laboratory                     *
REM          *      Release Date :   June 13, 2013                                          *
REM          *      Vesion       :   1.0                                                     *
REM          *                                                                               *
REM          *********************************************************************************
REM       
REM       
REM          *********************************************************************************
REM          *                                                                               *
REM          *                                                                               *
REM          *      Developed By :   Renzhi Cao (rcrg4@mail.missouri.edu)                   *
REM          *      Copyright    :   Dr. Jianlin Cheng's BDML Laboratory                     *
REM          *      Release Date :   June 13, 2013                                          *
REM          *      Vesion       :   1.0                                                     *
REM          *                                                                               *
REM          *********************************************************************************
REM       
REM       
REM          *********************************************************************************
REM          *                                                                               *
REM          *                                                                               *
REM          *      Developed By :   Renzhi Cao (rcrg4@mail.missouri.edu)                   *
REM          *      Copyright    :   Dr. Jianlin Cheng's BDML Laboratory                     *
REM          *      Release Date :   June 13, 2013                                          *
REM          *      Vesion       :   1.0                                                     *
REM          *                                                                               *
REM          *********************************************************************************
REM       
REM       
REM          *********************************************************************************
REM          *                                                                               *
REM          *                                                                               *
REM          *      Developed By :   Renzhi Cao (rcrg4@mail.missouri.edu)                   *
REM          *      Copyright    :   Dr. Jianlin Cheng's BDML Laboratory                     *
REM          *      Release Date :   June 13, 2013                                          *
REM          *      Vesion       :   1.0                                                     *
REM          *                                                                               *
REM          *********************************************************************************
REM       
REM       
REM          *********************************************************************************
REM          *                                                                               *
REM          *                                                                               *
REM          *      Developed By :   Renzhi Cao (rcrg4@mail.missouri.edu)                   *
REM          *      Copyright    :   Dr. Jianlin Cheng's BDML Laboratory                     *
REM          *      Release Date :   June 13, 2013                                          *
REM          *      Vesion       :   1.0                                                     *
REM          *                                                                               *
REM          *********************************************************************************
REM       
REM       
REM          *********************************************************************************
REM          *                                                                               *
REM          *                                                                               *
REM          *      Developed By :   Renzhi Cao (rcrg4@mail.missouri.edu)                   *
REM          *      Copyright    :   Dr. Jianlin Cheng's BDML Laboratory                     *
REM          *      Release Date :   June 13, 2013                                          *
REM          *      Vesion       :   1.0                                                     *
REM          *                                                                               *
REM          *********************************************************************************
REM       
REM       
REM          *********************************************************************************
REM          *                                                                               *
REM          *                                                                               *
REM          *      Developed By :   Renzhi Cao (rcrg4@mail.missouri.edu)                   *
REM          *      Copyright    :   Dr. Jianlin Cheng's BDML Laboratory                     *
REM          *      Release Date :   June 13, 2013                                          *
REM          *      Vesion       :   1.0                                                     *
REM          *                                                                               *
REM          *********************************************************************************
REM       
REM       
REM          *********************************************************************************
REM          *                                                                               *
REM          *                                                                               *
REM          *      Developed By :   Renzhi Cao (rcrg4@mail.missouri.edu)                   *
REM          *      Copyright    :   Dr. Jianlin Cheng's BDML Laboratory                     *
REM          *      Release Date :   June 13, 2013                                          *
REM          *      Vesion       :   1.0                                                     *
REM          *                                                                               *
REM          *********************************************************************************
REM       
REM       
REM          *********************************************************************************
REM          *                                                                               *
REM          *                                                                               *
REM          *      Developed By :   Renzhi Cao (rcrg4@mail.missouri.edu)                   *
REM          *      Copyright    :   Dr. Jianlin Cheng's BDML Laboratory                     *
REM          *      Release Date :   June 13, 2013                                          *
REM          *      Vesion       :   1.0                                                     *
REM          *                                                                               *
REM          *********************************************************************************
REM       
REM       
REM          *********************************************************************************
REM          *                                                                               *
REM          *                                                                               *
REM          *      Developed By :   Renzhi Cao (rcrg4@mail.missouri.edu)                   *
REM          *      Copyright    :   Dr. Jianlin Cheng's BDML Laboratory                     *
REM          *      Release Date :   June 13, 2013                                          *
REM          *      Vesion       :   1.0                                                     *
REM          *                                                                               *
REM          *********************************************************************************
REM       
