core.init: Checking for fconfig files in pwd and ./rosetta/flags 
core.init: Rosetta version: PyRosetta4.Release.python37.linux r257 2020.23+release.0d6f90a 0d6f90a8cb9fa0567ca76bb71ee93bfe73340c70 http://www.pyrosetta.org 2020-06-04T19:12:24
core.init: command: PyRosetta -ex1 -ex2aro -ignore_zero_occupancy false -ignore_unrecognized_res true -chemical:exclude_patches LowerDNA UpperDNA Cterm_amidation SpecialRotamer VirtualBB ShoveBB VirtualDNAPhosphate VirtualNTerm CTermConnect sc_orbitals pro_hydroxylated_case1 pro_hydroxylated_case2 ser_phosphorylated thr_phosphorylated tyr_phosphorylated tyr_sulfated lys_dimethylated lys_monomethylated lys_trimethylated lys_acetylated glu_carboxylated cys_acetylated tyr_diiodinated N_acetylated C_methylamidated MethylatedProteinCterm -database /home/korovnmm/anaconda3/lib/python3.7/site-packages/pyrosetta-2020.23+release.0d6f90a-py3.7-linux-x86_64.egg/pyrosetta/database
basic.random.init_random_generator: 'RNG device' seed mode, using '/dev/urandom', seed=-1985845205 seed_offset=0 real_seed=-1985845205
basic.random.init_random_generator: RandomGenerator:init: Normal mode, seed=-1985845205 RG_type=mt19937
core.chemical.GlobalResidueTypeSet: While generating GlobalResidueTypeSet fa_standard: Skipping patch LowerDNA as requested
core.chemical.GlobalResidueTypeSet: While generating GlobalResidueTypeSet fa_standard: Skipping patch UpperDNA as requested
core.chemical.GlobalResidueTypeSet: While generating GlobalResidueTypeSet fa_standard: Skipping patch VirtualDNAPhosphate as requested
core.chemical.GlobalResidueTypeSet: While generating GlobalResidueTypeSet fa_standard: Skipping patch ShoveBB as requested
core.chemical.GlobalResidueTypeSet: While generating GlobalResidueTypeSet fa_standard: Skipping patch VirtualBB as requested
core.chemical.GlobalResidueTypeSet: While generating GlobalResidueTypeSet fa_standard: Skipping patch N_acetylated as requested
core.chemical.GlobalResidueTypeSet: While generating GlobalResidueTypeSet fa_standard: Skipping patch C_methylamidated as requested
core.chemical.GlobalResidueTypeSet: While generating GlobalResidueTypeSet fa_standard: Skipping patch SpecialRotamer as requested
core.chemical.GlobalResidueTypeSet: While generating GlobalResidueTypeSet fa_standard: Skipping patch Cterm_amidation as requested
core.chemical.GlobalResidueTypeSet: While generating GlobalResidueTypeSet fa_standard: Skipping patch pro_hydroxylated_case1 as requested
core.chemical.GlobalResidueTypeSet: While generating GlobalResidueTypeSet fa_standard: Skipping patch pro_hydroxylated_case2 as requested
core.chemical.GlobalResidueTypeSet: While generating GlobalResidueTypeSet fa_standard: Skipping patch ser_phosphorylated as requested
core.chemical.GlobalResidueTypeSet: While generating GlobalResidueTypeSet fa_standard: Skipping patch thr_phosphorylated as requested
core.chemical.GlobalResidueTypeSet: While generating GlobalResidueTypeSet fa_standard: Skipping patch tyr_phosphorylated as requested
core.chemical.GlobalResidueTypeSet: While generating GlobalResidueTypeSet fa_standard: Skipping patch tyr_sulfated as requested
core.chemical.GlobalResidueTypeSet: While generating GlobalResidueTypeSet fa_standard: Skipping patch lys_monomethylated as requested
core.chemical.GlobalResidueTypeSet: While generating GlobalResidueTypeSet fa_standard: Skipping patch lys_dimethylated as requested
core.chemical.GlobalResidueTypeSet: While generating GlobalResidueTypeSet fa_standard: Skipping patch lys_trimethylated as requested
core.chemical.GlobalResidueTypeSet: While generating GlobalResidueTypeSet fa_standard: Skipping patch lys_acetylated as requested
core.chemical.GlobalResidueTypeSet: While generating GlobalResidueTypeSet fa_standard: Skipping patch glu_carboxylated as requested
core.chemical.GlobalResidueTypeSet: While generating GlobalResidueTypeSet fa_standard: Skipping patch cys_acetylated as requested
core.chemical.GlobalResidueTypeSet: While generating GlobalResidueTypeSet fa_standard: Skipping patch tyr_diiodinated as requested
core.chemical.GlobalResidueTypeSet: While generating GlobalResidueTypeSet fa_standard: Skipping patch MethylatedProteinCterm as requested
core.chemical.GlobalResidueTypeSet: Finished initializing fa_standard residue type set.  Created 980 residue types
core.chemical.GlobalResidueTypeSet: Total time to initialize 0.677524 seconds.
core.import_pose.import_pose: File '/data/shared/tools/MikhailQA_v2/example/sample_output/tmp/T0953s2/server05_TS1.pdb' automatically determined to be of type PDB
core.chemical.GlobalResidueTypeSet: While generating GlobalResidueTypeSet centroid: Skipping patch VirtualBB as requested
core.chemical.GlobalResidueTypeSet: While generating GlobalResidueTypeSet centroid: Skipping patch N_acetylated as requested
core.chemical.GlobalResidueTypeSet: While generating GlobalResidueTypeSet centroid: Skipping patch C_methylamidated as requested
core.chemical.GlobalResidueTypeSet: While generating GlobalResidueTypeSet centroid: Skipping patch ser_phosphorylated as requested
core.chemical.GlobalResidueTypeSet: While generating GlobalResidueTypeSet centroid: Skipping patch thr_phosphorylated as requested
core.chemical.GlobalResidueTypeSet: While generating GlobalResidueTypeSet centroid: Skipping patch ShoveBB as requested
core.chemical.GlobalResidueTypeSet: While generating GlobalResidueTypeSet centroid: Skipping patch LowerDNA as requested
core.chemical.GlobalResidueTypeSet: While generating GlobalResidueTypeSet centroid: Skipping patch UpperDNA as requested
core.chemical.GlobalResidueTypeSet: While generating GlobalResidueTypeSet centroid: Skipping patch VirtualDNAPhosphate as requested
core.chemical.GlobalResidueTypeSet: Finished initializing centroid residue type set.  Created 69 residue types
core.chemical.GlobalResidueTypeSet: Total time to initialize 0.017326 seconds.
basic.io.database: Database file opened: scoring/score_functions/centroid_smooth/cen_smooth_params.txt
basic.io.database: Database file opened: scoring/score_functions/SecondaryStructurePotential/phi.theta.36.HS.resmooth
basic.io.database: Database file opened: scoring/score_functions/SecondaryStructurePotential/phi.theta.36.SS.resmooth
basic.io.database: Database file opened: scoring/score_functions/centroid_smooth/cen_hb_params.txt
core.import_pose.import_pose: File '/data/shared/tools/MikhailQA_v2/example/sample_output/tmp/T0953s2/server06_TS1.pdb' automatically determined to be of type PDB
core.import_pose.import_pose: File '/data/shared/tools/MikhailQA_v2/example/sample_output/tmp/T0953s2/server07_TS1.pdb' automatically determined to be of type PDB
core.import_pose.import_pose: File '/data/shared/tools/MikhailQA_v2/example/sample_output/tmp/T0953s2/server08_TS1.pdb' automatically determined to be of type PDB
core.conformation.Conformation: [ WARNING ] missing heavyatom:  OXT on residue LEU:CtermProteinFull 249
core.import_pose.import_pose: File '/data/shared/tools/MikhailQA_v2/example/sample_output/tmp/T0953s2/server09_TS1.pdb' automatically determined to be of type PDB
core.import_pose.import_pose: File '/data/shared/tools/MikhailQA_v2/example/sample_output/tmp/T0953s2/server10_TS1.pdb' automatically determined to be of type PDB
core.conformation.Conformation: [ WARNING ] missing heavyatom:  CH2 on residue TRP 7
core.conformation.Conformation: [ WARNING ] missing heavyatom:  OH  on residue TYR 12
core.conformation.Conformation: [ WARNING ] missing heavyatom:  CH2 on residue TRP 20
core.conformation.Conformation: [ WARNING ] missing heavyatom:  NH1 on residue ARG 29
core.conformation.Conformation: [ WARNING ] missing heavyatom:  NH2 on residue ARG 29
core.conformation.Conformation: [ WARNING ] missing heavyatom:  NH1 on residue ARG 33
core.conformation.Conformation: [ WARNING ] missing heavyatom:  NH2 on residue ARG 33
core.conformation.Conformation: [ WARNING ] missing heavyatom:  CH2 on residue TRP 36
core.conformation.Conformation: [ WARNING ] missing heavyatom:  NH1 on residue ARG 43
core.conformation.Conformation: [ WARNING ] missing heavyatom:  NH2 on residue ARG 43
core.conformation.Conformation: [ WARNING ] missing heavyatom:  CH2 on residue TRP 49
core.conformation.Conformation: [ WARNING ] missing heavyatom:  CH2 on residue TRP 51
core.conformation.Conformation: [ WARNING ] missing heavyatom:  CH2 on residue TRP 62
core.conformation.Conformation: [ WARNING ] missing heavyatom:  NH1 on residue ARG 68
core.conformation.Conformation: [ WARNING ] missing heavyatom:  NH2 on residue ARG 68
core.conformation.Conformation: [ WARNING ] missing heavyatom:  NH1 on residue ARG 70
core.conformation.Conformation: [ WARNING ] missing heavyatom:  NH2 on residue ARG 70
core.conformation.Conformation: [ WARNING ] missing heavyatom:  NH1 on residue ARG 80
core.conformation.Conformation: [ WARNING ] missing heavyatom:  NH2 on residue ARG 80
core.conformation.Conformation: [ WARNING ] missing heavyatom:  OH  on residue TYR 86
core.conformation.Conformation: [ WARNING ] missing heavyatom:  OH  on residue TYR 103
core.conformation.Conformation: [ WARNING ] missing heavyatom:  OH  on residue TYR 109
core.conformation.Conformation: [ WARNING ] missing heavyatom:  OH  on residue TYR 113
core.conformation.Conformation: [ WARNING ] missing heavyatom:  NH1 on residue ARG 115
core.conformation.Conformation: [ WARNING ] missing heavyatom:  NH2 on residue ARG 115
core.conformation.Conformation: [ WARNING ] missing heavyatom:  OH  on residue TYR 123
core.conformation.Conformation: [ WARNING ] missing heavyatom:  CH2 on residue TRP 136
core.conformation.Conformation: [ WARNING ] missing heavyatom:  NH1 on residue ARG 140
core.conformation.Conformation: [ WARNING ] missing heavyatom:  NH2 on residue ARG 140
core.conformation.Conformation: [ WARNING ] missing heavyatom:  NH1 on residue ARG 142
core.conformation.Conformation: [ WARNING ] missing heavyatom:  NH2 on residue ARG 142
core.conformation.Conformation: [ WARNING ] missing heavyatom:  CH2 on residue TRP 148
core.conformation.Conformation: [ WARNING ] missing heavyatom:  NH1 on residue ARG 160
core.conformation.Conformation: [ WARNING ] missing heavyatom:  NH2 on residue ARG 160
core.conformation.Conformation: [ WARNING ] missing heavyatom:  NH1 on residue ARG 172
core.conformation.Conformation: [ WARNING ] missing heavyatom:  NH2 on residue ARG 172
core.conformation.Conformation: [ WARNING ] missing heavyatom:  NH1 on residue ARG 196
core.conformation.Conformation: [ WARNING ] missing heavyatom:  NH2 on residue ARG 196
core.conformation.Conformation: [ WARNING ] missing heavyatom:  OH  on residue TYR 198
core.conformation.Conformation: [ WARNING ] missing heavyatom:  OH  on residue TYR 204
core.conformation.Conformation: [ WARNING ] missing heavyatom:  NH1 on residue ARG 229
core.conformation.Conformation: [ WARNING ] missing heavyatom:  NH2 on residue ARG 229
core.conformation.Conformation: [ WARNING ] missing heavyatom:  CH2 on residue TRP 238
core.conformation.Conformation: [ WARNING ] missing heavyatom:  CH2 on residue TRP 248
core.conformation.Conformation: [ WARNING ] missing heavyatom:  OXT on residue LEU:CtermProteinFull 249
core.pack.pack_missing_sidechains: packing residue number 7 because of missing atom number 14 atom name  CH2
core.pack.pack_missing_sidechains: packing residue number 12 because of missing atom number 12 atom name  OH 
core.pack.pack_missing_sidechains: packing residue number 20 because of missing atom number 14 atom name  CH2
core.pack.pack_missing_sidechains: packing residue number 29 because of missing atom number 10 atom name  NH1
core.pack.pack_missing_sidechains: packing residue number 33 because of missing atom number 10 atom name  NH1
core.pack.pack_missing_sidechains: packing residue number 36 because of missing atom number 14 atom name  CH2
core.pack.pack_missing_sidechains: packing residue number 43 because of missing atom number 10 atom name  NH1
core.pack.pack_missing_sidechains: packing residue number 49 because of missing atom number 14 atom name  CH2
core.pack.pack_missing_sidechains: packing residue number 51 because of missing atom number 14 atom name  CH2
core.pack.pack_missing_sidechains: packing residue number 62 because of missing atom number 14 atom name  CH2
core.pack.pack_missing_sidechains: packing residue number 68 because of missing atom number 10 atom name  NH1
core.pack.pack_missing_sidechains: packing residue number 70 because of missing atom number 10 atom name  NH1
core.pack.pack_missing_sidechains: packing residue number 80 because of missing atom number 10 atom name  NH1
core.pack.pack_missing_sidechains: packing residue number 86 because of missing atom number 12 atom name  OH 
core.pack.pack_missing_sidechains: packing residue number 103 because of missing atom number 12 atom name  OH 
core.pack.pack_missing_sidechains: packing residue number 109 because of missing atom number 12 atom name  OH 
core.pack.pack_missing_sidechains: packing residue number 113 because of missing atom number 12 atom name  OH 
core.pack.pack_missing_sidechains: packing residue number 115 because of missing atom number 10 atom name  NH1
core.pack.pack_missing_sidechains: packing residue number 123 because of missing atom number 12 atom name  OH 
core.pack.pack_missing_sidechains: packing residue number 136 because of missing atom number 14 atom name  CH2
core.pack.pack_missing_sidechains: packing residue number 140 because of missing atom number 10 atom name  NH1
core.pack.pack_missing_sidechains: packing residue number 142 because of missing atom number 10 atom name  NH1
core.pack.pack_missing_sidechains: packing residue number 148 because of missing atom number 14 atom name  CH2
core.pack.pack_missing_sidechains: packing residue number 160 because of missing atom number 10 atom name  NH1
core.pack.pack_missing_sidechains: packing residue number 172 because of missing atom number 10 atom name  NH1
core.pack.pack_missing_sidechains: packing residue number 196 because of missing atom number 10 atom name  NH1
core.pack.pack_missing_sidechains: packing residue number 198 because of missing atom number 12 atom name  OH 
core.pack.pack_missing_sidechains: packing residue number 204 because of missing atom number 12 atom name  OH 
core.pack.pack_missing_sidechains: packing residue number 229 because of missing atom number 10 atom name  NH1
core.pack.pack_missing_sidechains: packing residue number 238 because of missing atom number 14 atom name  CH2
core.pack.pack_missing_sidechains: packing residue number 248 because of missing atom number 14 atom name  CH2
core.pack.task: Packer task: initialize from command line() 
core.scoring.ScoreFunctionFactory: SCOREFUNCTION: ref2015
core.scoring.etable: Starting energy table calculation
core.scoring.etable: smooth_etable: changing atr/rep split to bottom of energy well
core.scoring.etable: smooth_etable: spline smoothing lj etables (maxdis = 6)
core.scoring.etable: smooth_etable: spline smoothing solvation etables (max_dis = 6)
core.scoring.etable: Finished calculating energy tables.
basic.io.database: Database file opened: scoring/score_functions/hbonds/ref2015_params/HBPoly1D.csv
basic.io.database: Database file opened: scoring/score_functions/hbonds/ref2015_params/HBFadeIntervals.csv
basic.io.database: Database file opened: scoring/score_functions/hbonds/ref2015_params/HBEval.csv
basic.io.database: Database file opened: scoring/score_functions/hbonds/ref2015_params/DonStrength.csv
basic.io.database: Database file opened: scoring/score_functions/hbonds/ref2015_params/AccStrength.csv
basic.io.database: Database file opened: scoring/score_functions/rama/fd/all.ramaProb
basic.io.database: Database file opened: scoring/score_functions/rama/fd/prepro.ramaProb
basic.io.database: Database file opened: scoring/score_functions/omega/omega_ppdep.all.txt
basic.io.database: Database file opened: scoring/score_functions/omega/omega_ppdep.gly.txt
basic.io.database: Database file opened: scoring/score_functions/omega/omega_ppdep.pro.txt
basic.io.database: Database file opened: scoring/score_functions/omega/omega_ppdep.valile.txt
basic.io.database: Database file opened: scoring/score_functions/P_AA_pp/P_AA
basic.io.database: Database file opened: scoring/score_functions/P_AA_pp/P_AA_n
core.scoring.P_AA: shapovalov_lib::shap_p_aa_pp_smooth_level of 1( aka low_smooth ) got activated.
basic.io.database: Database file opened: scoriPyRosetta-4 2020 [Rosetta PyRosetta4.Release.python37.linux 2020.23+release.0d6f90a8cb9fa0567ca76bb71ee93bfe73340c70 2020-06-04T19:12:24] retrieved from: http://www.pyrosetta.org
(C) Copyright Rosetta Commons Member Institutions. Created in JHU by Sergey Lyskov and PyRosetta Team.
ng/score_functions/P_AA_pp/shapovalov/10deg/kappa131/a20.prop
basic.io.database: Database file opened: scoring/score_functions/elec_cp_reps.dat
core.scoring.elec.util: Read 40 countpair representative atoms
core.pack.dunbrack.RotamerLibrary: shapovalov_lib_fixes_enable option is true.
core.pack.dunbrack.RotamerLibrary: shapovalov_lib::shap_dun10_smooth_level of 1( aka lowest_smooth ) got activated.
core.pack.dunbrack.RotamerLibrary: Binary rotamer library selected: /home/korovnmm/anaconda3/lib/python3.7/site-packages/pyrosetta-2020.23+release.0d6f90a-py3.7-linux-x86_64.egg/pyrosetta/database/rotamer/shapovalov/StpDwn_0-0-0/Dunbrack10.lib.bin
core.pack.dunbrack.RotamerLibrary: Using Dunbrack library binary file '/home/korovnmm/anaconda3/lib/python3.7/site-packages/pyrosetta-2020.23+release.0d6f90a-py3.7-linux-x86_64.egg/pyrosetta/database/rotamer/shapovalov/StpDwn_0-0-0/Dunbrack10.lib.bin'.
core.pack.dunbrack.RotamerLibrary: Dunbrack 2010 library took 0.097583 seconds to load from binary
core.pack.pack_rotamers: built 288 rotamers at 31 positions.
core.pack.interaction_graph.interaction_graph_factory: Instantiating DensePDInteractionGraph
core.import_pose.import_pose: File '/data/shared/tools/MikhailQA_v2/example/sample_output/tmp/T0953s2/server11_TS1.pdb' automatically determined to be of type PDB
core.import_pose.import_pose: File '/data/shared/tools/MikhailQA_v2/example/sample_output/tmp/T0953s2/server12_TS1.pdb' automatically determined to be of type PDB
core.import_pose.import_pose: File '/data/shared/tools/MikhailQA_v2/example/sample_output/tmp/T0953s2/server13_TS1.pdb' automatically determined to be of type PDB
core.import_pose.import_pose: File '/data/shared/tools/MikhailQA_v2/example/sample_output/tmp/T0953s2/server14_TS1.pdb' automatically determined to be of type PDB
core.import_pose.import_pose: File '/data/shared/tools/MikhailQA_v2/example/sample_output/tmp/T0953s2/server15_TS1.pdb' automatically determined to be of type PDB
core.import_pose.import_pose: File '/data/shared/tools/MikhailQA_v2/example/sample_output/tmp/T0953s2/server16_TS1.pdb' automatically determined to be of type PDB
core.import_pose.import_pose: File '/data/shared/tools/MikhailQA_v2/example/sample_output/tmp/T0953s2/server17_TS1.pdb' automatically determined to be of type PDB
core.import_pose.import_pose: File '/data/shared/tools/MikhailQA_v2/example/sample_output/tmp/T0953s2/server18_TS1.pdb' automatically determined to be of type PDB
core.import_pose.import_pose: File '/data/shared/tools/MikhailQA_v2/example/sample_output/tmp/T0953s2/server19_TS1.pdb' automatically determined to be of type PDB
core.import_pose.import_pose: File '/data/shared/tools/MikhailQA_v2/example/sample_output/tmp/T0953s2/server20_TS1.pdb' automatically determined to be of type PDB
core.conformation.Conformation: [ WARNING ] missing heavyatom:  OXT on residue LEU:CtermProteinFull 249
core.import_pose.import_pose: File '/data/shared/tools/MikhailQA_v2/example/sample_output/tmp/T0953s2/server01_TS1.pdb' automatically determined to be of type PDB
core.conformation.Conformation: [ WARNING ] missing heavyatom:  O   on residue LEU:CtermProteinFull 249
core.import_pose.import_pose: File '/data/shared/tools/MikhailQA_v2/example/sample_output/tmp/T0953s2/server02_TS1.pdb' automatically determined to be of type PDB
core.conformation.Conformation: [ WARNING ] missing heavyatom:  O   on residue LEU:CtermProteinFull 249
core.import_pose.import_pose: File '/data/shared/tools/MikhailQA_v2/example/sample_output/tmp/T0953s2/server03_TS1.pdb' automatically determined to be of type PDB
core.conformation.Conformation: [ WARNING ] missing heavyatom:  O   on residue LEU:CtermProteinFull 249
core.import_pose.import_pose: File '/data/shared/tools/MikhailQA_v2/example/sample_output/tmp/T0953s2/server04_TS1.pdb' automatically determined to be of type PDB
